/*C3*/SET SCHEMA PUBLIC
INSERT INTO OCORRENCIA VALUES(22,0.0E0,0,NULL,NULL,NULL,'idnovo',0)
COMMIT
INSERT INTO OCORRENCIA VALUES(23,0.0E0,0,NULL,NULL,NULL,'sasdasdasdsa',0)
COMMIT
INSERT INTO OCORRENCIA VALUES(24,0.0E0,0,NULL,NULL,NULL,'sasdasdasdsa',0)
COMMIT
INSERT INTO OCORRENCIA VALUES(25,0.0E0,0,NULL,NULL,NULL,'sasdasdasdsa',0)
COMMIT
INSERT INTO OCORRENCIA VALUES(26,0.0E0,0,NULL,NULL,NULL,'sasdasdasdsa',0)
COMMIT
INSERT INTO OCORRENCIA VALUES(27,0.0E0,0,NULL,NULL,NULL,'sasdasdasdsa',0)
COMMIT
INSERT INTO OCORRENCIA VALUES(28,0.0E0,0,NULL,NULL,NULL,'sasdasdasdsa',0)
COMMIT
INSERT INTO OCORRENCIA VALUES(29,0.0E0,0,NULL,NULL,NULL,'sasdasdasdsa',0)
COMMIT
INSERT INTO OCORRENCIA VALUES(30,0.0E0,0,NULL,NULL,NULL,'sasdasdasdsa',0)
COMMIT
DELETE FROM OCORRENCIA WHERE ID=30
INSERT INTO OCORRENCIA VALUES(30,0.0E0,0,NULL,NULL,NULL,'id 30',0)
COMMIT
